--------------------------------------------------------------------------------
Release 14.7 Trace  (nt64)
Copyright (c) 1995-2013 Xilinx, Inc.  All rights reserved.

D:\Xilinx\14.7\ISE_DS\ISE\bin\nt64\unwrapped\trce.exe -intstyle ise -v 3 -s 3
-n 3 -fastpaths -xml mux.twx mux.ncd -o mux.twr mux.pcf

Design file:              mux.ncd
Physical constraint file: mux.pcf
Device,package,speed:     xc7a100t,ftg256,C,-3 (PRODUCTION 1.10 2013-10-13)
Report level:             verbose report

Environment Variable      Effect 
--------------------      ------ 
NONE                      No environment variables were set
--------------------------------------------------------------------------------

INFO:Timing:2698 - No timing constraints found, doing default enumeration.
INFO:Timing:3412 - To improve timing, see the Timing Closure User Guide (UG612).
INFO:Timing:2752 - To get complete path coverage, use the unconstrained paths 
   option. All paths that are not constrained will be reported in the 
   unconstrained paths section(s) of the report.
INFO:Timing:3339 - The clock-to-out numbers in this timing report are based on 
   a 50 Ohm transmission line loading model.  For the details of this model, 
   and for more information on accounting for different loading conditions, 
   please see the device datasheet.



Data Sheet report:
-----------------
All values displayed in nanoseconds (ns)

Pad to Pad
---------------+---------------+---------+
Source Pad     |Destination Pad|  Delay  |
---------------+---------------+---------+
d0<0>          |y<0>           |    5.607|
d0<1>          |y<1>           |    5.307|
d0<2>          |y<2>           |    5.577|
d0<3>          |y<3>           |    5.580|
d1<0>          |y<0>           |    5.604|
d1<1>          |y<1>           |    5.267|
d1<2>          |y<2>           |    5.464|
d1<3>          |y<3>           |    5.473|
s              |y<0>           |    5.584|
s              |y<1>           |    5.426|
s              |y<2>           |    5.410|
s              |y<3>           |    5.178|
---------------+---------------+---------+


Analysis completed Fri Oct 26 12:42:14 2018 
--------------------------------------------------------------------------------

Trace Settings:
-------------------------
Trace Settings 

Peak Memory Usage: 4996 MB



